"../../../../../../Users/El fideo rubio/Documents/Unreal Projects/ThePassage/Content/Art/Characters/textures/heightmap.uasset" 0
"../../../../../../Users/El fideo rubio/Documents/Unreal Projects/ThePassage/Content/Art/Characters/Spirits/NewMaterial1.uasset" 1
"../../../../../../Users/El fideo rubio/Documents/Unreal Projects/ThePassage/Content/Art/Characters/NewMaterial1.uasset" 2
"../../../../../../Users/El fideo rubio/Documents/Unreal Projects/ThePassage/Content/Art/Characters/Spirits/NewMaterial2.uasset" 3
"../../../../../../Users/El fideo rubio/Documents/Unreal Projects/ThePassage/Content/Art/Characters/NewMaterial2.uasset" 4
"../../../../../../Users/El fideo rubio/Documents/Unreal Projects/ThePassage/Content/Art/Characters/Spirits/NewMaterial_2.uasset" 5
"../../../../../../Users/El fideo rubio/Documents/Unreal Projects/ThePassage/Content/Art/Characters/NewMaterial_2.uasset" 6
"../../../../../../Users/El fideo rubio/Documents/Unreal Projects/ThePassage/Content/Art/Characters/Spirits/NewMaterial.uasset" 7
"../../../../../../Users/El fideo rubio/Documents/Unreal Projects/ThePassage/Content/Art/Characters/Spirits/spirit.uasset" 8
"../../../../../../Users/El fideo rubio/Documents/Unreal Projects/ThePassage/Content/Art/Characters/spirit.uasset" 9
"../../../../../../Users/El fideo rubio/Documents/Unreal Projects/ThePassage/Content/Art/Characters/characterAnims/defaultMat1.uasset" 10
"../../../../../../Users/El fideo rubio/Documents/Unreal Projects/ThePassage/Content/Art/Characters/characterAnims/lambert1.uasset" 11
"../../../../../../Users/El fideo rubio/Documents/Unreal Projects/ThePassage/Content/Art/Characters/characterAnims/lambert2.uasset" 12
"../../../../../../Users/El fideo rubio/Documents/Unreal Projects/ThePassage/Content/Art/Characters/CharacterTest/test_ao.uasset" 13
"../../../../../../Users/El fideo rubio/Documents/Unreal Projects/ThePassage/Content/Art/Characters/CharacterTest/test_BaseColor.uasset" 14
"../../../../../../Users/El fideo rubio/Documents/Unreal Projects/ThePassage/Content/Art/Characters/CharacterTest/test_Metalness.uasset" 15
"../../../../../../Users/El fideo rubio/Documents/Unreal Projects/ThePassage/Content/Art/Characters/CharacterTest/test_Normal.uasset" 16
"../../../../../../Users/El fideo rubio/Documents/Unreal Projects/ThePassage/Content/Art/Characters/CharacterTest/test_Roughness.uasset" 17
"../../../../../../Users/El fideo rubio/Documents/Unreal Projects/ThePassage/Content/Art/Characters/CharacterTest/defaultMat.uasset" 18
"../../../../../../Users/El fideo rubio/Documents/Unreal Projects/ThePassage/Content/Art/Characters/characterAnims/left_PhysicsAsset.uasset" 19
"../../../../../../Users/El fideo rubio/Documents/Unreal Projects/ThePassage/Content/Art/Characters/characterAnims/left_Skeleton.uasset" 20
"../../../../../../Users/El fideo rubio/Documents/Unreal Projects/ThePassage/Content/Art/Characters/characterAnims/left.uasset" 21
"../../../../../../Users/El fideo rubio/Documents/Unreal Projects/ThePassage/Content/Art/Characters/characterAnims/left_Anim.uasset" 22
"../../../../../../Users/El fideo rubio/Documents/Unreal Projects/ThePassage/Content/Art/Characters/characterAnims/left_Anim1.uasset" 23
"../../../../../../Users/El fideo rubio/Documents/Unreal Projects/ThePassage/Content/Art/Characters/CharacterTest/test.uasset" 24
"../../../../../../Users/El fideo rubio/Documents/Unreal Projects/ThePassage/Content/Art/Characters/Enviroment/folliage.uasset" 25
"../../../../../../Users/El fideo rubio/Documents/Unreal Projects/ThePassage/Content/Art/Characters/Enviroment/folliage_alpha.uasset" 26
"../../../../../../Users/El fideo rubio/Documents/Unreal Projects/ThePassage/Content/Art/Characters/Enviroment/FolliageMat.uasset" 27
"../../../../../../Users/El fideo rubio/Documents/Unreal Projects/ThePassage/Content/Art/Characters/Enviroment/Folliage_5.uasset" 28
"../../../../../../Users/El fideo rubio/Documents/Unreal Projects/ThePassage/Content/Art/Characters/Enviroment/Folliage_6.uasset" 29
"../../../../../../Users/El fideo rubio/Documents/Unreal Projects/ThePassage/Content/Art/Characters/Enviroment/Lantern_1_ao.uasset" 30
"../../../../../../Users/El fideo rubio/Documents/Unreal Projects/ThePassage/Content/Art/Characters/Enviroment/Lantern_1_Metalness.uasset" 31
"../../../../../../Users/El fideo rubio/Documents/Unreal Projects/ThePassage/Content/Art/Characters/Enviroment/Lantern_1_Normal.uasset" 32
"../../../../../../Users/El fideo rubio/Documents/Unreal Projects/ThePassage/Content/Art/Characters/Enviroment/Lantern_1_Roughness.uasset" 33
"../../../../../../Users/El fideo rubio/Documents/Unreal Projects/ThePassage/Content/Art/Characters/NewAnimations/Left_Paddle_Skeleton.uasset" 34
"../../../../../../Users/El fideo rubio/Documents/Unreal Projects/ThePassage/Content/Audio/SFX/GeneralInteractionAtten.uasset" 35
"../../../../../../Users/El fideo rubio/Documents/Unreal Projects/ThePassage/Content/Audio/SFX/BoatSound/Row.uasset" 36
"../../../../../../Users/El fideo rubio/Documents/Unreal Projects/ThePassage/Content/Art/Characters/NewAnimations/Left_Paddle_Anim.uasset" 37
"../../../../../../Users/El fideo rubio/Documents/Unreal Projects/ThePassage/Content/Art/Characters/NewAnimations/straight_Paddle_Anim.uasset" 38
"../../../../../../Users/El fideo rubio/Documents/Unreal Projects/ThePassage/Content/Art/Characters/NewAnimations/NewBlendSpace.uasset" 39
"../../../../../../Users/El fideo rubio/Documents/Unreal Projects/ThePassage/Content/Art/Characters/textures/tester_ao.uasset" 40
"../../../../../../Users/El fideo rubio/Documents/Unreal Projects/ThePassage/Content/Art/Characters/textures/tester_BaseColor.uasset" 41
"../../../../../../Users/El fideo rubio/Documents/Unreal Projects/ThePassage/Content/Art/Characters/textures/tester_Metalness.uasset" 42
"../../../../../../Users/El fideo rubio/Documents/Unreal Projects/ThePassage/Content/Art/Characters/textures/tester_Roughness.uasset" 43
"../../../../../../Users/El fideo rubio/Documents/Unreal Projects/ThePassage/Content/Art/Characters/Materials/default.uasset" 44
"../../../../../../Users/El fideo rubio/Documents/Unreal Projects/ThePassage/Content/Art/Characters/NewAnimations/straight_Paddle_PhysicsAsset.uasset" 45
"../../../../../../Users/El fideo rubio/Documents/Unreal Projects/ThePassage/Content/Art/Characters/NewAnimations/straight_Paddle.uasset" 46
"../../../../../../Users/El fideo rubio/Documents/Unreal Projects/ThePassage/Content/Art/Characters/textures/rock_low_ao.uasset" 47
"../../../../../../Users/El fideo rubio/Documents/Unreal Projects/ThePassage/Content/Art/Characters/textures/TREE_ao.uasset" 48
"../../../../../../Users/El fideo rubio/Documents/Unreal Projects/ThePassage/Content/Art/Characters/textures/TREE_Metalness.uasset" 49
"../../../../../../Users/El fideo rubio/Documents/Unreal Projects/ThePassage/Content/Art/Characters/textures/TREE_Normal.uasset" 50
"../../../../../../Users/El fideo rubio/Documents/Unreal Projects/ThePassage/Content/Art/Characters/textures/TREE_Roughness.uasset" 51
"../../../../../../Users/El fideo rubio/Documents/Unreal Projects/ThePassage/Content/Art/Characters/textures/waterMat.uasset" 52
"../../../../../../Users/El fideo rubio/Documents/Unreal Projects/ThePassage/Content/Art/Characters/WhaleAo/whale_ao.uasset" 53
"../../../../../../Users/El fideo rubio/Documents/Unreal Projects/ThePassage/Content/Art/Characters/WhaleAo/whale_BaseColor.uasset" 54
"../../../../../../Users/El fideo rubio/Documents/Unreal Projects/ThePassage/Content/Art/Characters/WhaleAo/whale_Metalness.uasset" 55
"../../../../../../Users/El fideo rubio/Documents/Unreal Projects/ThePassage/Content/Art/Characters/WhaleAo/whale_Normal.uasset" 56
"../../../../../../Users/El fideo rubio/Documents/Unreal Projects/ThePassage/Content/Art/Characters/WhaleAo/whale_Roughness.uasset" 57
"../../../../../../Users/El fideo rubio/Documents/Unreal Projects/ThePassage/Content/Art/Characters/WhaleAo/lambert2.uasset" 58
"../../../../../../Users/El fideo rubio/Documents/Unreal Projects/ThePassage/Content/Art/Characters/WhaleAo/WhaleSwim_PhysicsAsset.uasset" 59
"../../../../../../Users/El fideo rubio/Documents/Unreal Projects/ThePassage/Content/Art/Characters/WhaleAo/WhaleSwim_Skeleton.uasset" 60
"../../../../../../Users/El fideo rubio/Documents/Unreal Projects/ThePassage/Content/Art/Characters/WhaleAo/WhaleSwim.uasset" 61
"../../../../../../Users/El fideo rubio/Documents/Unreal Projects/ThePassage/Content/Art/Characters/WhaleAo/whaleAi.uasset" 62
"../../../../../../Users/El fideo rubio/Documents/Unreal Projects/ThePassage/Content/Art/Characters/WhaleAo/WhaleSw.uasset" 63
"../../../../../../Users/El fideo rubio/Documents/Unreal Projects/ThePassage/Content/Art/Characters/WhaleAo/WhaleSwim_Anim.uasset" 64
"../../../../../../Users/El fideo rubio/Documents/Unreal Projects/ThePassage/Content/Art/Characters/Enviroment/Lantern_1_BaseColor.uasset" 65
"../../../../../../Users/El fideo rubio/Documents/Unreal Projects/ThePassage/Content/Art/Characters/Enviroment/default.uasset" 66
"../../../../../../Users/El fideo rubio/Documents/Unreal Projects/ThePassage/Content/Art/Characters/Enviroment/Lantern_1.uasset" 67
"../../../../../../Users/El fideo rubio/Documents/Unreal Projects/ThePassage/Content/Art/Environment/PointLight3_Blueprint.uasset" 68
"../../../Engine/Content/Functions/Engine_MaterialFunctions02/SampleSceneDepth.uasset" 69
"../../../Engine/Content/Functions/Engine_MaterialFunctions02/Utility/BreakOutFloat3Components.uasset" 70
"../../../../../../Users/El fideo rubio/Documents/Unreal Projects/ThePassage/Content/Art/Environment/Materials/BoatCutoutStencil.uasset" 71
"../../../Engine/Content/Functions/Engine_MaterialFunctions03/ComplexMotion/Motion_4WayChaos.uasset" 72
"../../../Engine/Content/Engine_MI_Shaders/T_Base_Tile_Normal.uasset" 73
"../../../Engine/Content/Functions/Engine_MaterialFunctions03/ComplexMotion/Motion_4WayChaos_Normal.uasset" 74
"../../../../../../Users/El fideo rubio/Documents/Unreal Projects/ThePassage/Content/Art/Environment/Materials/M_TranslucentWater.uasset" 75
"../../../../../../Users/El fideo rubio/Documents/Unreal Projects/ThePassage/Content/Art/Environment/Materials/Textures/T_Perlin_Noise_M.uasset" 76
"../../../../../../Users/El fideo rubio/Documents/Unreal Projects/ThePassage/Content/Art/Environment/Materials/Textures/T_Water_N.uasset" 77
"../../../../../../Users/El fideo rubio/Documents/Unreal Projects/ThePassage/Content/Art/Environment/Materials/M_Water_Lake.uasset" 78
"../../../Engine/Content/Functions/Engine_MaterialFunctions02/Utility/BlendAngleCorrectedNormals.uasset" 79
"../../../../../../Users/El fideo rubio/Documents/Unreal Projects/ThePassage/Content/Art/Environment/Materials/Textures/T_Water_M.uasset" 80
"../../../../../../Users/El fideo rubio/Documents/Unreal Projects/ThePassage/Content/Art/Environment/Materials/OceanTestJ.uasset" 81
"../../../../../../Users/El fideo rubio/Documents/Unreal Projects/ThePassage/Content/Art/Environment/Materials/Textures/rock_1/Rock_1_baseColor.uasset" 82
"../../../../../../Users/El fideo rubio/Documents/Unreal Projects/ThePassage/Content/Art/Environment/Materials/Textures/rock_1/Rock_1_normal.uasset" 83
"../../../../../../Users/El fideo rubio/Documents/Unreal Projects/ThePassage/Content/Art/Environment/Materials/Textures/rock_1/Rock_1_roughness.uasset" 84
"../../../../../../Users/El fideo rubio/Documents/Unreal Projects/ThePassage/Content/Art/Environment/Materials/rock_1.uasset" 85
"../../../../../../Users/El fideo rubio/Documents/Unreal Projects/ThePassage/Content/Art/Environment/Materials/Textures/rock_2/Rock2_baseColor.uasset" 86
"../../../../../../Users/El fideo rubio/Documents/Unreal Projects/ThePassage/Content/Art/Environment/Materials/Textures/rock_2/Rock2_normal.uasset" 87
"../../../../../../Users/El fideo rubio/Documents/Unreal Projects/ThePassage/Content/Art/Environment/Materials/Textures/rock_2/Rock2_roughness.uasset" 88
"../../../../../../Users/El fideo rubio/Documents/Unreal Projects/ThePassage/Content/Art/Environment/Materials/rock_2.uasset" 89
"../../../../../../Users/El fideo rubio/Documents/Unreal Projects/ThePassage/Content/Art/Environment/Materials/Textures/rock_5/Rock_5_baseColor.uasset" 90
"../../../../../../Users/El fideo rubio/Documents/Unreal Projects/ThePassage/Content/Art/Environment/Materials/Textures/rock_5/Rock_5_normal.uasset" 91
"../../../../../../Users/El fideo rubio/Documents/Unreal Projects/ThePassage/Content/Art/Environment/Materials/Textures/rock_5/Rock_5_roughness.uasset" 92
"../../../../../../Users/El fideo rubio/Documents/Unreal Projects/ThePassage/Content/Art/Environment/Materials/rock_5.uasset" 93
"../../../../../../Users/El fideo rubio/Documents/Unreal Projects/ThePassage/Content/Art/Environment/Materials/Textures/rock_6/rock_6_baseColor.uasset" 94
"../../../../../../Users/El fideo rubio/Documents/Unreal Projects/ThePassage/Content/Art/Environment/Materials/Textures/rock_6/rock_6_normal.uasset" 95
"../../../../../../Users/El fideo rubio/Documents/Unreal Projects/ThePassage/Content/Art/Environment/Materials/Textures/rock_6/rock_6_roughness.uasset" 96
"../../../../../../Users/El fideo rubio/Documents/Unreal Projects/ThePassage/Content/Art/Environment/Materials/rock_6.uasset" 97
"../../../../../../Users/El fideo rubio/Documents/Unreal Projects/ThePassage/Content/Art/Environment/Materials/WaterTest.uasset" 98
"../../../../../../Users/El fideo rubio/Documents/Unreal Projects/ThePassage/Content/Art/Environment/Materials/Textures/shack/Window_normal.uasset" 99
"../../../../../../Users/El fideo rubio/Documents/Unreal Projects/ThePassage/Content/Art/Environment/Materials/Textures/shack/Window_roughness.uasset" 100
"../../../../../../Users/El fideo rubio/Documents/Unreal Projects/ThePassage/Content/Art/Environment/Materials/Textures/plank/Planks3_baseColor.uasset" 101
"../../../../../../Users/El fideo rubio/Documents/Unreal Projects/ThePassage/Content/Art/Environment/Materials/Textures/plank/Planks3_normal.uasset" 102
"../../../../../../Users/El fideo rubio/Documents/Unreal Projects/ThePassage/Content/Art/Environment/Materials/Textures/plank/Planks3_roughness.uasset" 103
"../../../../../../Users/El fideo rubio/Documents/Unreal Projects/ThePassage/Content/Art/Environment/Materials/plank.uasset" 104
"../../../../../../Users/El fideo rubio/Documents/Unreal Projects/ThePassage/Content/Art/Environment/Meshes/plank.uasset" 105
"../../../../../../Users/El fideo rubio/Documents/Unreal Projects/ThePassage/Content/Art/Environment/Materials/Textures/rock_3/Rock3_baseColor.uasset" 106
"../../../../../../Users/El fideo rubio/Documents/Unreal Projects/ThePassage/Content/Art/Environment/Materials/Textures/rock_3/Rock3_normal.uasset" 107
"../../../../../../Users/El fideo rubio/Documents/Unreal Projects/ThePassage/Content/Art/Environment/Materials/Textures/rock_3/Rock3_roughness.uasset" 108
"../../../../../../Users/El fideo rubio/Documents/Unreal Projects/ThePassage/Content/Art/Environment/Materials/rock_3.uasset" 109
"../../../../../../Users/El fideo rubio/Documents/Unreal Projects/ThePassage/Content/Art/Environment/Meshes/Rocks_Rocks_rock_2.uasset" 110
"../../../../../../Users/El fideo rubio/Documents/Unreal Projects/ThePassage/Content/Art/Environment/Materials/Textures/rock_4/Rock_4_baseColor.uasset" 111
"../../../../../../Users/El fideo rubio/Documents/Unreal Projects/ThePassage/Content/Art/Environment/Materials/Textures/rock_4/Rock_4_normal.uasset" 112
"../../../../../../Users/El fideo rubio/Documents/Unreal Projects/ThePassage/Content/Art/Environment/Materials/Textures/rock_4/Rock_4_roughness.uasset" 113
"../../../../../../Users/El fideo rubio/Documents/Unreal Projects/ThePassage/Content/Art/Environment/Materials/rock_4.uasset" 114
"../../../../../../Users/El fideo rubio/Documents/Unreal Projects/ThePassage/Content/Art/Environment/Meshes/Rocks_Rocks_rock_4.uasset" 115
"../../../../../../Users/El fideo rubio/Documents/Unreal Projects/ThePassage/Content/Art/Environment/Meshes/Rocks_Rocks_rock_5.uasset" 116
"../../../../../../Users/El fideo rubio/Documents/Unreal Projects/ThePassage/Content/Art/Environment/Meshes/Rocks_Rocks_rock_6.uasset" 117
"../../../../../../Users/El fideo rubio/Documents/Unreal Projects/ThePassage/Content/Art/Environment/Materials/Textures/rock_cluster/Rock_Cluster_baseColor.uasset" 118
"../../../../../../Users/El fideo rubio/Documents/Unreal Projects/ThePassage/Content/Art/Environment/Materials/Textures/rock_cluster/Rock_Cluster_normal.uasset" 119
"../../../../../../Users/El fideo rubio/Documents/Unreal Projects/ThePassage/Content/Art/Environment/Materials/Textures/rock_cluster/Rock_Cluster_roughness.uasset" 120
"../../../../../../Users/El fideo rubio/Documents/Unreal Projects/ThePassage/Content/Art/Environment/Materials/rock_cluster.uasset" 121
"../../../../../../Users/El fideo rubio/Documents/Unreal Projects/ThePassage/Content/Art/Environment/Meshes/Rocks_Rock_cluster_1_Rocks.uasset" 122
"../../../../../../Users/El fideo rubio/Documents/Unreal Projects/ThePassage/Content/Art/Environment/Materials/Textures/stick/stick_baseColor.uasset" 123
"../../../../../../Users/El fideo rubio/Documents/Unreal Projects/ThePassage/Content/Art/Environment/Materials/Textures/stick/stick_normal.uasset" 124
"../../../../../../Users/El fideo rubio/Documents/Unreal Projects/ThePassage/Content/Art/Environment/Materials/Textures/stick/stick_roughness.uasset" 125
"../../../../../../Users/El fideo rubio/Documents/Unreal Projects/ThePassage/Content/Art/Environment/Materials/stick.uasset" 126
"../../../../../../Users/El fideo rubio/Documents/Unreal Projects/ThePassage/Content/Art/Environment/Meshes/strick.uasset" 127
"../../../../../../Users/El fideo rubio/Documents/Unreal Projects/ThePassage/Content/Art/Environment/Materials/Textures/tree/Leaf_baseColor.uasset" 128
"../../../../../../Users/El fideo rubio/Documents/Unreal Projects/ThePassage/Content/Art/Environment/Materials/Textures/tree/Leaf_normal.uasset" 129
"../../../../../../Users/El fideo rubio/Documents/Unreal Projects/ThePassage/Content/Art/Environment/Materials/Textures/tree/Leaf_opacity.uasset" 130
"../../../../../../Users/El fideo rubio/Documents/Unreal Projects/ThePassage/Content/Art/Environment/Materials/Textures/tree/Leaf_roughness.uasset" 131
"../../../../../../Users/El fideo rubio/Documents/Unreal Projects/ThePassage/Content/Art/Environment/Materials/tree_leaf.uasset" 132
"../../../../../../Users/El fideo rubio/Documents/Unreal Projects/ThePassage/Content/Art/Environment/Materials/Textures/tree/Trunk1_baseColor.uasset" 133
"../../../../../../Users/El fideo rubio/Documents/Unreal Projects/ThePassage/Content/Art/Environment/Materials/Textures/tree/Trunk1_normal.uasset" 134
"../../../../../../Users/El fideo rubio/Documents/Unreal Projects/ThePassage/Content/Art/Environment/Materials/Textures/tree/Trunk1_roughness.uasset" 135
"../../../../../../Users/El fideo rubio/Documents/Unreal Projects/ThePassage/Content/Art/Environment/Materials/tree_trunk.uasset" 136
"../../../../../../Users/El fideo rubio/Documents/Unreal Projects/ThePassage/Content/Art/Environment/Meshes/Tree.uasset" 137
"../../../../../../Users/El fideo rubio/Documents/Unreal Projects/ThePassage/Content/Audio/SFX/SoulFallen.uasset" 138
"../../../../../../Users/El fideo rubio/Documents/Unreal Projects/ThePassage/Content/Audio/SFX/SoulFallWate2.uasset" 139
"../../../../../../Users/El fideo rubio/Documents/Unreal Projects/ThePassage/Content/Audio/SFX/SoulFallWater1.uasset" 140
"../../../../../../Users/El fideo rubio/Documents/Unreal Projects/ThePassage/Content/Audio/SFX/SoulFallWater3.uasset" 141
"../../../../../../Users/El fideo rubio/Documents/Unreal Projects/ThePassage/Content/Audio/SFX/OrbSound.uasset" 142
"../../../../../../Users/El fideo rubio/Documents/Unreal Projects/ThePassage/Content/Audio/SFX/OrbSound/Orb_Movement_V2.uasset" 143
"../../../../../../Users/El fideo rubio/Documents/Unreal Projects/ThePassage/Content/Audio/SFX/OrbSound/SoulMovement.uasset" 144
"../../../../../../Users/El fideo rubio/Documents/Unreal Projects/ThePassage/Content/Audio/SFX/SoulMovement.uasset" 145
"../../../../../../Users/El fideo rubio/Documents/Unreal Projects/ThePassage/Content/Audio/SFX/BoatSound/Row1.uasset" 146
"../../../../../../Users/El fideo rubio/Documents/Unreal Projects/ThePassage/Content/Audio/SFX/BoatSound/Row2.uasset" 147
"../../../../../../Users/El fideo rubio/Documents/Unreal Projects/ThePassage/Content/Audio/SFX/BoatSound/Row3.uasset" 148
"../../../../../../Users/El fideo rubio/Documents/Unreal Projects/ThePassage/Content/Audio/SFX/BoatSound/Row4.uasset" 149
"../../../../../../Users/El fideo rubio/Documents/Unreal Projects/ThePassage/Content/Audio/SFX/BoatSound/Row5.uasset" 150
"../../../../../../Users/El fideo rubio/Documents/Unreal Projects/ThePassage/Content/Audio/SFX/BoatSound/Row6.uasset" 151
"../../../../../../Users/El fideo rubio/Documents/Unreal Projects/ThePassage/Content/Audio/SFX/BoatSound/ShipImpact1.uasset" 152
"../../../../../../Users/El fideo rubio/Documents/Unreal Projects/ThePassage/Content/Audio/SFX/BoatSound/ShipImpact2.uasset" 153
"../../../../../../Users/El fideo rubio/Documents/Unreal Projects/ThePassage/Content/Audio/SFX/BoatSound/ShipImpact3.uasset" 154
"../../../../../../Users/El fideo rubio/Documents/Unreal Projects/ThePassage/Content/Audio/SFX/OrbSound/OrbBump1.uasset" 155
"../../../../../../Users/El fideo rubio/Documents/Unreal Projects/ThePassage/Content/Audio/SFX/OrbSound/OrbBump2.uasset" 156
"../../../../../../Users/El fideo rubio/Documents/Unreal Projects/ThePassage/Content/Audio/SFX/OrbSound/OrbBump3.uasset" 157
"../../../../../../Users/El fideo rubio/Documents/Unreal Projects/ThePassage/Content/Audio/SFX/OrbSound/OrbBump4.uasset" 158
"../../../Engine/Content/BasicShapes/BasicShapeMaterial.uasset" 159
"../../../Engine/Content/Functions/Engine_MaterialFunctions01/Opacity/CameraDepthFade.uasset" 160
"../../../Engine/Content/EngineMaterials/T_Default_Material_Grid_M.uasset" 161
"../../../Engine/Content/EngineMaterials/T_Default_Material_Grid_N.uasset" 162
"../../../Engine/Content/EngineMaterials/WorldGridMaterial.uasset" 163
"../../../Engine/Content/BasicShapes/Plane.uasset" 164
"../../../../../../Users/El fideo rubio/Documents/Unreal Projects/ThePassage/Content/Core/AudioBp/WaterFloaterBP.uasset" 165
"../../../../../../Users/El fideo rubio/Documents/Unreal Projects/ThePassage/Content/Core/BoatPhysicsMaterial/SecondPlane.uasset" 166
"../../../../../../Users/El fideo rubio/Documents/Unreal Projects/ThePassage/Content/Core/BoatPhysicsMaterial/OceanPhysics.uasset" 167
"../../../../../../Users/El fideo rubio/Documents/Unreal Projects/ThePassage/Content/Core/Characters/BorderBlack.uasset" 168
"../../../../../../Users/El fideo rubio/Documents/Unreal Projects/ThePassage/Content/Art/Characters/NewAnimations/NewAnimBlueprint.uasset" 169
"../../../../../../Users/El fideo rubio/Documents/Unreal Projects/ThePassage/Content/Art/Characters/Spirits/Treading_Water_Skeleton.uasset" 170
"../../../../../../Users/El fideo rubio/Documents/Unreal Projects/ThePassage/Content/Art/Characters/Spirits/Spirit_Sitting_Pose_Anim.uasset" 171
"../../../../../../Users/El fideo rubio/Documents/Unreal Projects/ThePassage/Content/Art/Characters/NewAnimations/Left_Paddle_PhysicsAsset.uasset" 172
"../../../../../../Users/El fideo rubio/Documents/Unreal Projects/ThePassage/Content/Art/Characters/NewAnimations/Left_Paddle.uasset" 173
"../../../../../../Users/El fideo rubio/Documents/Unreal Projects/ThePassage/Content/Art/Characters/Spirits/Spirit_Sitting_Pose_PhysicsAsset.uasset" 174
"../../../../../../Users/El fideo rubio/Documents/Unreal Projects/ThePassage/Content/Art/Characters/Spirits/Spirit_Sitting_Pose.uasset" 175
"../../../../../../Users/El fideo rubio/Documents/Unreal Projects/ThePassage/Content/Core/BoatPhysicsMaterial/BoatPhysics.uasset" 176
"../../../../../../Users/El fideo rubio/Documents/Unreal Projects/ThePassage/Content/Art/Characters/tester.uasset" 177
"../../../../../../Users/El fideo rubio/Documents/Unreal Projects/ThePassage/Content/Audio/SFX/BoatSound/Boat_Moving_Loop.uasset" 178
"../../../../../../Users/El fideo rubio/Documents/Unreal Projects/ThePassage/Content/Audio/SFX/Master1.uasset" 179
"../../../../../../Users/El fideo rubio/Documents/Unreal Projects/ThePassage/Content/Audio/SFX/BoatSound/BoatMovement.uasset" 180
"../../../../../../Users/El fideo rubio/Documents/Unreal Projects/ThePassage/Content/Core/Characters/BP_Boat.uasset" 181
"../../../../../../Users/El fideo rubio/Documents/Unreal Projects/ThePassage/Content/Art/Characters/Spirits/Treading_Water_Anim.uasset" 182
"../../../Engine/Content/EditorBlueprintResources/StandardMacros.uasset" 183
"../../../../../../Users/El fideo rubio/Documents/Unreal Projects/ThePassage/Content/Core/Characters/Boat/BP_HoverComponent.uasset" 184
"../../../../../../Users/El fideo rubio/Documents/Unreal Projects/ThePassage/Content/Core/Characters/ConversationSection/Libraries/I_Iteractions.uasset" 185
"../../../../../../Users/El fideo rubio/Documents/Unreal Projects/ThePassage/Content/Core/Characters/ConversationSection/UI/Cinzel-Bold.uasset" 186
"../../../../../../Users/El fideo rubio/Documents/Unreal Projects/ThePassage/Content/Core/Characters/ConversationSection/UI/Cinzel-Bold_Font.uasset" 187
"../../../../../../Users/El fideo rubio/Documents/Unreal Projects/ThePassage/Content/Core/Characters/ConversationSection/UI/Cinzel-Regular.uasset" 188
"../../../../../../Users/El fideo rubio/Documents/Unreal Projects/ThePassage/Content/Core/Characters/ConversationSection/UI/Cinzel-Regular_Font.uasset" 189
"../../../../../../Users/El fideo rubio/Documents/Unreal Projects/ThePassage/Content/Core/Characters/BorderWhite.uasset" 190
"../../../../../../Users/El fideo rubio/Documents/Unreal Projects/ThePassage/Content/Core/Characters/ConversationSection/UI/WD_DrowningGuyQuestions.uasset" 191
"../../../../../../Users/El fideo rubio/Documents/Unreal Projects/ThePassage/Content/Audio/SFX/BoatSound/BoatImpact.uasset" 192
"../../../../../../Users/El fideo rubio/Documents/Unreal Projects/ThePassage/Content/Core/Characters/Boat/BP_Boat.uasset" 193
"../../../../../../Users/El fideo rubio/Documents/Unreal Projects/ThePassage/Content/Art/Characters/Spirits/ABP_Spirit2.uasset" 194
"../../../../../../Users/El fideo rubio/Documents/Unreal Projects/ThePassage/Content/Art/Characters/Spirits/ABP_Spirit3.uasset" 195
"../../../../../../Users/El fideo rubio/Documents/Unreal Projects/ThePassage/Content/Art/Characters/Spirits/ABP_Spirit4.uasset" 196
"../../../../../../Users/El fideo rubio/Documents/Unreal Projects/ThePassage/Content/Art/Characters/NewMaterial.uasset" 197
"../../../../../../Users/El fideo rubio/Documents/Unreal Projects/ThePassage/Content/Art/Environment/Materials/Textures/decals/Symbol1.uasset" 198
"../../../../../../Users/El fideo rubio/Documents/Unreal Projects/ThePassage/Content/Art/Environment/Materials/Decal_Symbo_1.uasset" 199
"../../../../../../Users/El fideo rubio/Documents/Unreal Projects/ThePassage/Content/Art/Environment/Materials/Textures/dock_1/Planks_baseColor.uasset" 200
"../../../../../../Users/El fideo rubio/Documents/Unreal Projects/ThePassage/Content/Art/Environment/Materials/Textures/dock_1/Planks_normal.uasset" 201
"../../../../../../Users/El fideo rubio/Documents/Unreal Projects/ThePassage/Content/Art/Environment/Materials/Textures/dock_1/Planks_roughness.uasset" 202
"../../../../../../Users/El fideo rubio/Documents/Unreal Projects/ThePassage/Content/Art/Environment/Materials/dock_1_planks.uasset" 203
"../../../../../../Users/El fideo rubio/Documents/Unreal Projects/ThePassage/Content/Art/Environment/Materials/Textures/dock_2/Planks3_baseColor.uasset" 204
"../../../../../../Users/El fideo rubio/Documents/Unreal Projects/ThePassage/Content/Art/Environment/Materials/Textures/dock_2/Planks3_normal.uasset" 205
"../../../../../../Users/El fideo rubio/Documents/Unreal Projects/ThePassage/Content/Art/Environment/Materials/Textures/dock_2/Planks3_roughness.uasset" 206
"../../../../../../Users/El fideo rubio/Documents/Unreal Projects/ThePassage/Content/Art/Environment/Materials/dock_2_planks.uasset" 207
"../../../Engine/Content/BasicShapes/Cube.uasset" 208
"../../../Engine/Content/Functions/Engine_MaterialFunctions01/Density/ExponentialDensity.uasset" 209
"../../../Engine/Content/Functions/Engine_MaterialFunctions01/Gradient/RadialGradientExponential.uasset" 210
"../../../../../../Users/El fideo rubio/Documents/Unreal Projects/ThePassage/Content/Art/Characters/M_Fireflys1.uasset" 211
"../../../../../../Users/El fideo rubio/Documents/Unreal Projects/ThePassage/Content/Art/Characters/P_Fireflys1.uasset" 212
"../../../../../../Users/El fideo rubio/Documents/Unreal Projects/ThePassage/Content/Art/Characters/textures/rock_low_BaseColor.uasset" 213
"../../../../../../Users/El fideo rubio/Documents/Unreal Projects/ThePassage/Content/Art/Characters/textures/rock_low_Metalness.uasset" 214
"../../../../../../Users/El fideo rubio/Documents/Unreal Projects/ThePassage/Content/Art/Characters/textures/rock_low_Normal.uasset" 215
"../../../../../../Users/El fideo rubio/Documents/Unreal Projects/ThePassage/Content/Art/Characters/textures/rock_low_Roughness.uasset" 216
"../../../../../../Users/El fideo rubio/Documents/Unreal Projects/ThePassage/Content/Art/Characters/Materials/Rock_Loww.uasset" 217
"../../../../../../Users/El fideo rubio/Documents/Unreal Projects/ThePassage/Content/Art/Characters/rock_low.uasset" 218
"../../../../../../Users/El fideo rubio/Documents/Unreal Projects/ThePassage/Content/Art/Characters/textures/TREE_BaseColor.uasset" 219
"../../../../../../Users/El fideo rubio/Documents/Unreal Projects/ThePassage/Content/Art/Characters/default.uasset" 220
"../../../../../../Users/El fideo rubio/Documents/Unreal Projects/ThePassage/Content/Art/Characters/TREE.uasset" 221
"../../../Engine/Content/Functions/Engine_MaterialFunctions03/Procedurals/NormalFromHeightmap.uasset" 222
"../../../../../../Users/El fideo rubio/Documents/Unreal Projects/ThePassage/Content/Art/Environment/Materials/Textures/backwall/Backwall_Base_Color.uasset" 223
"../../../../../../Users/El fideo rubio/Documents/Unreal Projects/ThePassage/Content/Art/Environment/Materials/Textures/backwall/Backwall_Height.uasset" 224
"../../../../../../Users/El fideo rubio/Documents/Unreal Projects/ThePassage/Content/Art/Environment/Materials/Textures/backwall/Backwall_Mixed_AO.uasset" 225
"../../../../../../Users/El fideo rubio/Documents/Unreal Projects/ThePassage/Content/Art/Environment/Materials/Textures/backwall/Backwall_Normal_DirectX.uasset" 226
"../../../../../../Users/El fideo rubio/Documents/Unreal Projects/ThePassage/Content/Art/Environment/Materials/Textures/backwall/Backwall_Roughness.uasset" 227
"../../../../../../Users/El fideo rubio/Documents/Unreal Projects/ThePassage/Content/Art/Environment/Materials/Backwall.uasset" 228
"../../../../../../Users/El fideo rubio/Documents/Unreal Projects/ThePassage/Content/Art/Environment/Meshes/backwall.uasset" 229
"../../../../../../Users/El fideo rubio/Documents/Unreal Projects/ThePassage/Content/Art/Environment/Materials/Textures/dock_1/Foundations_baseColor.uasset" 230
"../../../../../../Users/El fideo rubio/Documents/Unreal Projects/ThePassage/Content/Art/Environment/Materials/Textures/dock_1/Foundations_normal.uasset" 231
"../../../../../../Users/El fideo rubio/Documents/Unreal Projects/ThePassage/Content/Art/Environment/Materials/Textures/dock_1/Foundations_roughness.uasset" 232
"../../../../../../Users/El fideo rubio/Documents/Unreal Projects/ThePassage/Content/Art/Environment/Materials/dock_1_support.uasset" 233
"../../../../../../Users/El fideo rubio/Documents/Unreal Projects/ThePassage/Content/Art/Environment/Meshes/dock_1.uasset" 234
"../../../../../../Users/El fideo rubio/Documents/Unreal Projects/ThePassage/Content/Art/Environment/Materials/Textures/soil/Soil_baseColor.uasset" 235
"../../../../../../Users/El fideo rubio/Documents/Unreal Projects/ThePassage/Content/Art/Environment/Materials/Textures/soil/Soil_normal.uasset" 236
"../../../../../../Users/El fideo rubio/Documents/Unreal Projects/ThePassage/Content/Art/Environment/Materials/Textures/soil/Soil_roughness.uasset" 237
"../../../../../../Users/El fideo rubio/Documents/Unreal Projects/ThePassage/Content/Art/Environment/Materials/soil.uasset" 238
"../../../../../../Users/El fideo rubio/Documents/Unreal Projects/ThePassage/Content/Art/Environment/Meshes/soil.uasset" 239
"../../../../../../Users/El fideo rubio/Documents/Unreal Projects/ThePassage/Content/Art/Environment/Materials/Textures/whale_bones/Whale1_baseColor.uasset" 240
"../../../../../../Users/El fideo rubio/Documents/Unreal Projects/ThePassage/Content/Art/Environment/Materials/Textures/whale_bones/Whale1_roughness.uasset" 241
"../../../../../../Users/El fideo rubio/Documents/Unreal Projects/ThePassage/Content/Art/Environment/Materials/whale_bones.uasset" 242
"../../../../../../Users/El fideo rubio/Documents/Unreal Projects/ThePassage/Content/Art/Environment/Meshes/whale_bones.uasset" 243
"../../../../../../Users/El fideo rubio/Documents/Unreal Projects/ThePassage/Content/Art/Environment/BP_IslandYthen.uasset" 244
"../../../../../../Users/El fideo rubio/Documents/Unreal Projects/ThePassage/Content/Core/Characters/ConversationSection/UI/WD_Instructions.uasset" 245
"../../../../../../Users/El fideo rubio/Documents/Unreal Projects/ThePassage/Content/Core/Characters/ConversationSection/BP_FideGameMode.uasset" 246
"../../../../../../Users/El fideo rubio/Documents/Unreal Projects/ThePassage/Content/Audio/SFX/OrbSound/Soul_Orb_Move_Sound.uasset" 247
"../../../../../../Users/El fideo rubio/Documents/Unreal Projects/ThePassage/Content/Core/Characters/ConversationSection/BP_Spirit4.uasset" 248
"../../../../../../Users/El fideo rubio/Documents/Unreal Projects/ThePassage/Content/Core/Characters/ConversationSection/BP_Spirit3.uasset" 249
"../../../../../../Users/El fideo rubio/Documents/Unreal Projects/ThePassage/Content/Core/Characters/ConversationSection/BP_Spirits2.uasset" 250
"../../../../../../Users/El fideo rubio/Documents/Unreal Projects/ThePassage/Content/Audio/SFX/LostSoulAudioLoop.uasset" 251
"../../../../../../Users/El fideo rubio/Documents/Unreal Projects/ThePassage/Content/Audio/SFX/LostSoul.uasset" 252
"../../../../../../Users/El fideo rubio/Documents/Unreal Projects/ThePassage/Content/Core/Characters/ConversationSection/BP_Spirit1.uasset" 253
"../../../../../../Users/El fideo rubio/Documents/Unreal Projects/ThePassage/Content/Art/Characters/Spirits/ABP_Spirit1.uasset" 254
"../../../../../../Users/El fideo rubio/Documents/Unreal Projects/ThePassage/Content/Art/Characters/Spirits/Treading_Water_PhysicsAsset.uasset" 255
"../../../../../../Users/El fideo rubio/Documents/Unreal Projects/ThePassage/Content/Art/Characters/Spirits/Treading_Water.uasset" 256
"../../../../../../Users/El fideo rubio/Documents/Unreal Projects/ThePassage/Content/Core/Characters/ConversationSection/BP_SpiritsBaseClass.uasset" 257
"../../../Engine/Content/EngineMaterials/BaseFlattenDiffuseMap.uasset" 258
"../../../Engine/Content/EngineMaterials/BaseFlattenEmissiveMap.uasset" 259
"../../../Engine/Content/EngineMaterials/BaseFlattenGrayscaleMap.uasset" 260
"../../../Engine/Content/EngineMaterials/BaseFlattenNormalMap.uasset" 261
"../../../Engine/Content/EngineMaterials/NewBaseFlattenMaterial.uasset" 262
"../../../../../../Users/El fideo rubio/Documents/Unreal Projects/ThePassage/Content/Core/Characters/ConversationSection/5.uasset" 263
"../../../Engine/Content/EngineMaterials/DefaultMaterial.uasset" 264
"../../../Engine/Content/BasicShapes/Cone.uasset" 265
"../../../../../../Users/El fideo rubio/Documents/Unreal Projects/ThePassage/Content/Core/Characters/ConversationSection/BP_Island.uasset" 266
"../../../../../../Users/El fideo rubio/Documents/Unreal Projects/ThePassage/Content/Core/Characters/ConversationSection/BP_GameInstance.uasset" 267
"../../../../../../Users/El fideo rubio/Documents/Unreal Projects/ThePassage/Content/Core/Characters/ConversationSection/BP_OnLandGondola.uasset" 268
"../../../../../../Users/El fideo rubio/Documents/Unreal Projects/ThePassage/Content/Core/Characters/ConversationSection/Struc_Questions.uasset" 269
"../../../../../../Users/El fideo rubio/Documents/Unreal Projects/ThePassage/Content/Core/Characters/ConversationSection/Questions.uasset" 270
"../../../../../../Users/El fideo rubio/Documents/Unreal Projects/ThePassage/Content/Core/Characters/ConversationSection/UI/BookPlaceHolder.uasset" 271
"../../../../../../Users/El fideo rubio/Documents/Unreal Projects/ThePassage/Content/Core/Characters/ConversationSection/UI/WD_Book.uasset" 272
"../../../Engine/Content/EditorSounds/Notifications/CompileFailed.uasset" 273
"../../../Engine/Content/EditorSounds/Notifications/CompileSuccess.uasset" 274
"../../../Engine/Content/VREditor/Sounds/UI/Camera_Shutter.uasset" 275
"../../../Engine/Content/VREditor/Sounds/UI/Dockable_Window_Drop.uasset" 276
"../../../../../../Users/El fideo rubio/Documents/Unreal Projects/ThePassage/Content/Core/Characters/ConversationSection/BP_FerryManTalk.uasset" 277
"../../../../../../Users/El fideo rubio/Documents/Unreal Projects/ThePassage/Content/Core/Characters/ConversationSection/Struc_Passengers.uasset" 278
"../../../../../../Users/El fideo rubio/Documents/Unreal Projects/ThePassage/Content/Core/Characters/ConversationSection/DT_Passengers.uasset" 279
"../../../Engine/Content/Tutorial/SubEditors/TutorialAssets/Character/TutorialTPP_Mat.uasset" 280
"../../../Engine/Content/Tutorial/SubEditors/TutorialAssets/Character/TutorialTPP_PhysicsAsset.uasset" 281
"../../../Engine/Content/Tutorial/SubEditors/TutorialAssets/Character/TutorialTPP_Skeleton.uasset" 282
"../../../Engine/Content/Tutorial/SubEditors/TutorialAssets/Character/TutorialTPP.uasset" 283
"../../../../../../Users/El fideo rubio/Documents/Unreal Projects/ThePassage/Content/Core/Characters/ConversationSection/BP_PassengersBaseClass.uasset" 284
"../../../../../../Users/El fideo rubio/Documents/Unreal Projects/ThePassage/Content/Core/Characters/ConversationSection/BP_SpawnPassengers.uasset" 285
"../../../../../../Users/El fideo rubio/Documents/Unreal Projects/ThePassage/Content/Core/Characters/ConversationSection/Obstacles/Obstacle_test.uasset" 286
"../../../../../../Users/El fideo rubio/Documents/Unreal Projects/ThePassage/Content/Core/Characters/ConversationSection/UI/MyGoodFont.uasset" 287
"../../../Engine/Content/Animation/DefaultAnimCurveCompressionSettings.uasset" 288
"../../../Engine/Content/ArtTools/RenderToTexture/Meshes/S_1_Unit_Plane.uasset" 289
"../../../Engine/Content/BasicShapes/Cylinder.uasset" 290
"../../../Engine/Content/EditorLandscapeResources/DataLayer.uasset" 291
"../../../Engine/Content/EditorMaterials/GizmoMaterial.uasset" 292
"../../../Engine/Content/EditorMaterials/MAT_Groups_Toggle.uasset" 293
"../../../Engine/Content/EditorMaterials/MAT_Groups_Visibility.uasset" 294
"../../../Engine/Content/EditorMaterials/PreviewShadowIndicator.uasset" 295
"../../../Engine/Content/EditorMaterials/PreviewShadowIndicatorMaterial.uasset" 296
"../../../Engine/Content/EditorMaterials/MatineeGroups/MAT_ColorTrack.uasset" 297
"../../../Engine/Content/EditorMaterials/MatineeGroups/MAT_Groups_Anim.uasset" 298
"../../../Engine/Content/EditorMaterials/MatineeGroups/MAT_Groups_AudioMaster.uasset" 299
"../../../Engine/Content/EditorMaterials/MatineeGroups/MAT_Groups_Director.uasset" 300
"../../../Engine/Content/EditorMaterials/MatineeGroups/MAT_Groups_Event.uasset" 301
"../../../Engine/Content/EditorMaterials/MatineeGroups/MAT_Groups_Fade.uasset" 302
"../../../Engine/Content/EditorMaterials/MatineeGroups/MAT_Groups_Float.uasset" 303
"../../../Engine/Content/EditorMaterials/MatineeGroups/MAT_Groups_Move.uasset" 304
"../../../Engine/Content/EditorMaterials/MatineeGroups/MAT_Groups_Slomo.uasset" 305
"../../../Engine/Content/EditorMaterials/MatineeGroups/MAT_Groups_Sound.uasset" 306
"../../../Engine/Content/EditorMaterials/MatineeGroups/MAT_Groups_Vector.uasset" 307
"../../../Engine/Content/EditorMaterials/ParticleSystems/PSysThumbnail_NoImage.uasset" 308
"../../../Engine/Content/EditorMaterials/ParticleSystems/PSysThumbnail_OOD.uasset" 309
"../../../Engine/Content/EditorMaterials/Camera/CineMat.uasset" 310
"../../../Engine/Content/EditorMaterials/Camera/MI_CineMat_Rig.uasset" 311
"../../../Engine/Content/EditorMeshes/Camera/SM_CraneRig_Arm.uasset" 312
"../../../Engine/Content/EditorMeshes/Camera/SM_CraneRig_Base.uasset" 313
"../../../Engine/Content/EditorMeshes/Camera/SM_CraneRig_Body.uasset" 314
"../../../Engine/Content/EditorMeshes/Camera/SM_CraneRig_Mount.uasset" 315
"../../../Engine/Content/EditorMeshes/Camera/SM_RailRig_Mount.uasset" 316
"../../../Engine/Content/EditorMeshes/Camera/SM_RailRig_Track.uasset" 317
"../../../Engine/Content/EditorResources/BSPVertex.uasset" 318
"../../../Engine/Content/EditorResources/EmptyActor.uasset" 319
"../../../Engine/Content/EditorResources/S_Actor.uasset" 320
"../../../Engine/Content/EditorResources/S_Note.uasset" 321
"../../../Engine/Content/EditorResources/S_Trigger.uasset" 322
"../../../Engine/Content/EditorResources/AudioIcons/S_AudioComponent_AutoActivate.uasset" 323
"../../../Engine/Content/EditorResources/LightIcons/S_LightError.uasset" 324
"../../../Engine/Content/EditorResources/SequenceRecorder/Countdown.uasset" 325
"../../../Engine/Content/EditorResources/SequenceRecorder/RecordingIndicator.uasset" 326
"../../../Engine/Content/EditorSounds/Notifications/CompileFailed_Cue.uasset" 327
"../../../Engine/Content/EditorSounds/Notifications/CompileStart_Cue.uasset" 328
"../../../Engine/Content/EditorSounds/Notifications/CompileSuccess_Cue.uasset" 329
"../../../Engine/Content/EngineDamageTypes/DmgTypeBP_Environmental.uasset" 330
"../../../Engine/Content/EngineDebugMaterials/HeatmapGradient.uasset" 331
"../../../Engine/Content/EngineDebugMaterials/BoneWeightMaterial.uasset" 332
"../../../Engine/Content/EngineDebugMaterials/ClothMaterial.uasset" 333
"../../../Engine/Content/EngineDebugMaterials/ClothMaterial_WF.uasset" 334
"../../../Engine/Content/EngineDebugMaterials/DebugEditorMaterial.uasset" 335
"../../../Engine/Content/EngineDebugMaterials/DebugMeshMaterial.uasset" 336
"../../../Engine/Content/EngineDebugMaterials/GeomMaterial.uasset" 337
"../../../Engine/Content/EngineDebugMaterials/M_SimpleTranslucent.uasset" 338
"../../../Engine/Content/EngineFonts/Faces/RobotoBold.uasset" 339
"../../../Engine/Content/EngineFonts/Faces/RobotoBoldItalic.uasset" 340
"../../../Engine/Content/EngineFonts/Faces/RobotoItalic.uasset" 341
"../../../Engine/Content/EngineFonts/Faces/RobotoLight.uasset" 342
"../../../Engine/Content/EngineFonts/Faces/RobotoRegular.uasset" 343
"../../../Engine/Content/EngineFonts/Roboto.uasset" 344
"../../../Engine/Content/EngineFonts/Faces/RobotoTiny.uasset" 345
"../../../Engine/Content/EngineFonts/RobotoTiny.uasset" 346
"../../../Engine/Content/EngineMaterials/BaseFlattenMaterial.uasset" 347
"../../../Engine/Content/EngineMaterials/DefaultBloomKernel.uasset" 348
"../../../Engine/Content/EngineMaterials/DefaultBokeh.uasset" 349
"../../../Engine/Content/EngineMaterials/DefaultDiffuse.uasset" 350
"../../../Engine/Content/EngineMaterials/DefaultDeferredDecalMaterial.uasset" 351
"../../../Engine/Content/EngineMaterials/DefaultLightFunctionMaterial.uasset" 352
"../../../Engine/Content/EngineMaterials/DefaultPhysicalMaterial.uasset" 353
"../../../Engine/Content/Functions/Engine_MaterialFunctions02/Utility/BreakOutFloat2Components.uasset" 354
"../../../Engine/Content/EngineMaterials/DefaultPostProcessMaterial.uasset" 355
"../../../Engine/Content/EngineFonts/RobotoDistanceField.uasset" 356
"../../../Engine/Content/EngineMaterials/DefaultTextMaterialOpaque.uasset" 357
"../../../Engine/Content/EngineMaterials/DefaultWhiteGrid.uasset" 358
"../../../Engine/Content/EngineMaterials/EditorBrushMaterial.uasset" 359
"../../../Engine/Content/EngineMaterials/Good64x64TilingNoiseHighFreq.uasset" 360
"../../../Engine/Content/EngineMaterials/MiniFont.uasset" 361
"../../../Engine/Content/EngineMaterials/InvalidLightmapSettings.uasset" 362
"../../../Engine/Content/EngineMaterials/M_InvalidLightmapSettings.uasset" 363
"../../../Engine/Content/Functions/Engine_MaterialFunctions02/WorldPositionOffset/CameraOffset.uasset" 364
"../../../Engine/Content/EngineMaterials/PhAT_JointLimitMaterial.uasset" 365
"../../../Engine/Content/EngineMaterials/PreintegratedSkinBRDF.uasset" 366
"../../../Engine/Content/EngineMaterials/RemoveSurfaceMaterial.uasset" 367
"../../../Engine/Content/EngineMaterials/WeightMapPlaceholderTexture.uasset" 368
"../../../Engine/Content/EngineResources/WhiteSquareTexture.uasset" 369
"../../../Engine/Content/EngineMaterials/Widget3DPassThrough.uasset" 370
"../../../Engine/Content/EngineMaterials/Widget3DPassThrough_Masked.uasset" 371
"../../../Engine/Content/EngineMaterials/Widget3DPassThrough_Opaque.uasset" 372
"../../../Engine/Content/EngineMaterials/Widget3DPassThrough_Masked_OneSided.uasset" 373
"../../../Engine/Content/EngineMaterials/Widget3DPassThrough_Opaque_OneSided.uasset" 374
"../../../Engine/Content/EngineMaterials/Widget3DPassThrough_Translucent.uasset" 375
"../../../Engine/Content/EngineMaterials/Widget3DPassThrough_Translucent_OneSided.uasset" 376
"../../../Engine/Content/EngineMeshes/Cylinder.uasset" 377
"../../../Engine/Content/EngineMeshes/Sphere.uasset" 378
"../../../Engine/Content/EngineResources/Black.uasset" 379
"../../../Engine/Content/EngineResources/DefaultTexture.uasset" 380
"../../../Engine/Content/EngineResources/DefaultTextureCube.uasset" 381
"../../../Engine/Content/EngineResources/DefaultVolumeTexture2D.uasset" 382
"../../../Engine/Content/EngineResources/DefaultVolumeTexture.uasset" 383
"../../../Engine/Content/EngineResources/GradientTexture0.uasset" 384
"../../../Engine/Content/EngineSounds/Master.uasset" 385
"../../../Engine/Content/Functions/Engine_MaterialFunctions01/Shading/ConvertFromDiffSpec.uasset" 386
"../../../Engine/Content/Functions/Engine_MaterialFunctions01/Shading/PowerToRoughness.uasset" 387
"../../../Engine/Content/Maps/Templates/Thumbnails/Default.uasset" 388
"../../../Engine/Content/Maps/Templates/Thumbnails/VR-Basic.uasset" 389
"../../../Engine/Content/MobileResources/T_MobileControls_texture.uasset" 390
"../../../Engine/Content/MobileResources/T_MobileMenu2.uasset" 391
"../../../Engine/Content/MobileResources/HUD/AnalogHat.uasset" 392
"../../../Engine/Content/MobileResources/HUD/VirtualJoystick_Background.uasset" 393
"../../../Engine/Content/MobileResources/HUD/VirtualJoystick_Thumb.uasset" 394
"../../../Engine/Content/MobileResources/HUD/DefaultVirtualJoysticks.uasset" 395
"../../../Engine/Content/MobileResources/HUD/LeftVirtualJoystickOnly.uasset" 396
"../../../Engine/Content/MobileResources/HUD/MobileHUDButton1_off.uasset" 397
"../../../Engine/Content/MobileResources/HUD/MobileHUDButton1_on.uasset" 398
"../../../Engine/Content/MobileResources/HUD/MobileHUDButton2_off.uasset" 399
"../../../Engine/Content/MobileResources/HUD/MobileHUDButton2_on.uasset" 400
"../../../Engine/Content/MobileResources/HUD/MobileHUDButton3.uasset" 401
"../../../Engine/Content/MobileResources/HUD/MobileHUDButtonFire.uasset" 402
"../../../Engine/Content/MobileResources/HUD/MobileHUDDirectionPad.uasset" 403
"../../../Engine/Content/MobileResources/HUD/MobileHUDDirectionPad2.uasset" 404
"../../../Engine/Content/MobileResources/HUD/MobileHUDDirectionPad3.uasset" 405
"../../../Engine/Content/MobileResources/HUD/MobileHUDDirectionStick.uasset" 406
"../../../Engine/Content/MobileResources/HUD/T_Castle_ThumbstickInner.uasset" 407
"../../../Engine/Content/MobileResources/HUD/T_Castle_ThumbstickOutter.uasset" 408
"../../../Engine/Content/Tutorial/ContentIntroCurve.uasset" 409
"../../../Engine/Content/Tutorial/Basics/LevelEditorAttract.uasset" 410
"../../../Engine/Content/Tutorial/Basics/TutorialAssets/icon_tab_Levels_40x.uasset" 411
"../../../Engine/Content/Tutorial/Basics/LevelEditorOverview.uasset" 412
"../../../Engine/Content/Tutorial/BlueprintTutorials/TutorialAssets/Blueprint_64x.uasset" 413
"../../../Engine/Content/Tutorial/BlueprintTutorials/BlueprintEditorTutorial.uasset" 414
"../../../Engine/Content/Tutorial/Installation/InstallingVisualStudioTutorial.uasset" 415
"../../../Engine/Content/Tutorial/Landscape/TutorialAssets/Landscape.uasset" 416
"../../../Engine/Content/Tutorial/Landscape/LandscapeWalkThrough.uasset" 417
"../../../Engine/Content/Tutorial/Landscape/Landscape_Manage_Mode.uasset" 418
"../../../Engine/Content/Tutorial/Landscape/Landscape_Painting_Mode.uasset" 419
"../../../Engine/Content/Tutorial/Landscape/Landscape_Sculpt_Mode.uasset" 420
"../../../Engine/Content/Tutorial/Mobile/TutorialAssets/IOS.uasset" 421
"../../../Engine/Content/Tutorial/Mobile/InstallingiTunesTutorial.uasset" 422
"../../../Engine/Content/Tutorial/SubEditors/GettingSubstance.uasset" 423
"../../../Engine/Content/VREditor/LaserPointer/VR_LaserPower_01.uasset" 424
"../../../Engine/Content/VREditor/TransformGizmo/TransformGizmoMaterial.uasset" 425
"../../../Engine/Content/VREditor/TransformGizmo/TranslucentTransformGizmoMaterial.uasset" 426
"../../../Engine/Content/VREditor/TransformGizmo/BoundingBoxCorner.uasset" 427
"../../../Engine/Content/VREditor/TransformGizmo/BoundingBoxEdge.uasset" 428
"../../../Engine/Content/VREditor/TransformGizmo/PlaneTranslationHandle.uasset" 429
"../../../Engine/Content/VREditor/TransformGizmo/Main.uasset" 430
"../../../Engine/Content/VREditor/TransformGizmo/Xray.uasset" 431
"../../../Engine/Content/VREditor/TransformGizmo/SM_Sequencer_Key.uasset" 432
"../../../Engine/Content/VREditor/TransformGizmo/SM_Sequencer_Node.uasset" 433
"../../Plugins/2D/Paper2D/Content/PlaceholderTextures/DummySpriteTexture.uasset" 434
"../../Plugins/2D/Paper2D/Content/DummySprite.uasset" 435
"../../Plugins/2D/Paper2D/Content/DefaultPaperTerrainMaterial.uasset" 436
"../../Plugins/2D/Paper2D/Content/DummySpriteTexture.uasset" 437
"../../Plugins/2D/Paper2D/Content/DefaultSpriteMaterial.uasset" 438
"../../Plugins/2D/Paper2D/Content/MaskedUnlitSpriteMaterial.uasset" 439
"../../Plugins/2D/Paper2D/Content/OpaqueUnlitSpriteMaterial.uasset" 440
"../../Plugins/Runtime/Oculus/OculusVR/Content/OculusMR_RenderTarget.uasset" 441
"../../../Engine/Content/Functions/Engine_MaterialFunctions02/Utility/BreakOutFloat4Components.uasset" 442
"../../../Engine/Content/Functions/Engine_MaterialFunctions02/Utility/MakeFloat2.uasset" 443
"../../../Engine/Content/Functions/Engine_MaterialFunctions02/Utility/MakeFloat3.uasset" 444
"../../Plugins/Runtime/Oculus/OculusVR/Content/Materials/OculusMR_ChromaKey.uasset" 445
"../../Plugins/Runtime/Oculus/OculusVR/Content/Materials/OculusMR_ChromaKey_Lit.uasset" 446
"../../Plugins/Runtime/Oculus/OculusVR/Content/Materials/OculusMR_OpaqueColoredMaterial.uasset" 447
"../../Plugins/Runtime/Oculus/OculusVR/Content/Materials/OculusMR_WhiteMaterial.uasset" 448
"../../Plugins/Runtime/Oculus/OculusVR/Content/Materials/PokeAHoleMaterial.uasset" 449
"../../Plugins/Runtime/Oculus/OculusVR/Content/Textures/GearVRController_AO.uasset" 450
"../../Plugins/Runtime/Oculus/OculusVR/Content/Textures/GearVRController_Color.uasset" 451
"../../Plugins/Runtime/Oculus/OculusVR/Content/Textures/GearVRController_Normal.uasset" 452
"../../Plugins/Runtime/Oculus/OculusVR/Content/Materials/GearVRControllerMaterial.uasset" 453
"../../Plugins/Runtime/Oculus/OculusVR/Content/Meshes/GearVrController.uasset" 454
"../../Plugins/Runtime/Oculus/OculusVR/Content/Textures/touchController_albedo.uasset" 455
"../../Plugins/Runtime/Oculus/OculusVR/Content/Textures/touchController_controlmap.uasset" 456
"../../Plugins/Runtime/Oculus/OculusVR/Content/Materials/touchController_mat.uasset" 457
"../../Plugins/Runtime/Oculus/OculusVR/Content/Meshes/LeftTouchController.uasset" 458
"../../Plugins/Runtime/Oculus/OculusVR/Content/Meshes/RiftHMD.uasset" 459
"../../Plugins/Runtime/Oculus/OculusVR/Content/Meshes/RightTouchController.uasset" 460
"../../../../../../Users/El fideo rubio/Documents/Unreal Projects/ThePassage/Content/Core/Characters/ConversationSection/UI/Gameplay_3.uasset" 461
"../../../../../../Users/El fideo rubio/Documents/Unreal Projects/ThePassage/Content/Core/Characters/ConversationSection/UI/Credits.uasset" 462
"../../../../../../Users/El fideo rubio/Documents/Unreal Projects/ThePassage/Content/Maps/Credits.umap" 463
"../../../Engine/Content/EngineSky/C_Sky_Cloud_Color.uasset" 464
"../../../Engine/Content/EngineSky/C_Sky_Horizon_Color.uasset" 465
"../../../Engine/Content/EngineSky/C_Sky_Zenith_Color.uasset" 466
"../../../Engine/Content/EngineSky/T_Sky_Blue.uasset" 467
"../../../Engine/Content/EngineSky/T_Sky_Clouds_M.uasset" 468
"../../../Engine/Content/EngineSky/T_Sky_Stars.uasset" 469
"../../../Engine/Content/EngineSky/M_Sky_Panning_Clouds2.uasset" 470
"../../../Engine/Content/EngineSky/SM_SkySphere.uasset" 471
"../../../Engine/Content/EngineSky/BP_Sky_Sphere.uasset" 472
"../../../../../../Users/El fideo rubio/Documents/Unreal Projects/ThePassage/Content/Core/Characters/ConversationSection/FirstPersonHUD.uasset" 473
"../../../../../../Users/El fideo rubio/Documents/Unreal Projects/ThePassage/Content/Core/FirstPersonGameMode.uasset" 474
"../../../../../../Users/El fideo rubio/Documents/Unreal Projects/ThePassage/Content/Maps/Fideo2_BuiltData.uasset" 475
"../../../Engine/Content/MapTemplates/SM_Template_Map_Floor.uasset" 476
"../../../../../../Users/El fideo rubio/Documents/Unreal Projects/ThePassage/Content/Maps/Fideo2.umap" 477
"../../../../../../Users/El fideo rubio/Documents/Unreal Projects/ThePassage/Content/Core/Characters/ConversationSection/BP_DrowningSpiritBaseClass.uasset" 478
"../../../../../../Users/El fideo rubio/Documents/Unreal Projects/ThePassage/Content/Audio/SFX/OrbSound/OrbImpact.uasset" 479
"../../../../../../Users/El fideo rubio/Documents/Unreal Projects/ThePassage/Content/Core/AudioBp/SoulSoundPhysical.uasset" 480
"../../../../../../Users/El fideo rubio/Documents/Unreal Projects/ThePassage/Content/Maps/Fideo_Map_BuiltData.uasset" 481
"../../../../../../Users/El fideo rubio/Documents/Unreal Projects/ThePassage/Content/Art/Environment/Materials/M_Water_Ocean.uasset" 482
"../../../../../../Users/El fideo rubio/Documents/Unreal Projects/ThePassage/Content/Maps/Fideo_Map.umap" 483
"../../../../../../Users/El fideo rubio/Documents/Unreal Projects/ThePassage/Content/Core/Characters/BP_GameMode.uasset" 484
"../../../../../../Users/El fideo rubio/Documents/Unreal Projects/ThePassage/Content/Maps/J_Map_BuiltData.uasset" 485
"../../../../../../Users/El fideo rubio/Documents/Unreal Projects/ThePassage/Content/Art/Characters/DeleteWhenAddingAnything.uasset" 486
"../../../Engine/Content/BasicShapes/Sphere.uasset" 487
"../../../../../../Users/El fideo rubio/Documents/Unreal Projects/ThePassage/Content/Audio/SFX/NewWaterAmbiance.uasset" 488
"../../../../../../Users/El fideo rubio/Documents/Unreal Projects/ThePassage/Content/Audio/SFX/BoatSound/River_Of_Sticks_Loop.uasset" 489
"../../../../../../Users/El fideo rubio/Documents/Unreal Projects/ThePassage/Content/Maps/J_Map.umap" 490
"../../../../../../Users/El fideo rubio/Documents/Unreal Projects/ThePassage/Content/Art/Characters/Spirits/Sitting_Anim.uasset" 491
"../../../../../../Users/El fideo rubio/Documents/Unreal Projects/ThePassage/Content/Art/Characters/Enviroment/Folliage_8.uasset" 492
"../../../../../../Users/El fideo rubio/Documents/Unreal Projects/ThePassage/Content/Art/Characters/Enviroment/Folliage_354_Blueprint.uasset" 493
"../../../../../../Users/El fideo rubio/Documents/Unreal Projects/ThePassage/Content/Art/Characters/rock_low3_Blueprint.uasset" 494
"../../../../../../Users/El fideo rubio/Documents/Unreal Projects/ThePassage/Content/Core/Characters/ConversationSection/Obstacles/Obstacle_PointyRock.uasset" 495
"../../../../../../Users/El fideo rubio/Documents/Unreal Projects/ThePassage/Content/Maps/Level_1_BuiltData.uasset" 496
"../../../../../../Users/El fideo rubio/Documents/Unreal Projects/ThePassage/Content/Art/Environment/Materials/Textures/decals/Symbol_2.uasset" 497
"../../../../../../Users/El fideo rubio/Documents/Unreal Projects/ThePassage/Content/Art/Environment/Materials/Decal_Symbo_2.uasset" 498
"../../../../../../Users/El fideo rubio/Documents/Unreal Projects/ThePassage/Content/Art/Environment/Materials/Textures/decals/Symbol_3.uasset" 499
"../../../../../../Users/El fideo rubio/Documents/Unreal Projects/ThePassage/Content/Art/Environment/Materials/Decal_Symbo_3.uasset" 500
"../../../../../../Users/El fideo rubio/Documents/Unreal Projects/ThePassage/Content/Art/Environment/Materials/Textures/decals/Symbol_4.uasset" 501
"../../../../../../Users/El fideo rubio/Documents/Unreal Projects/ThePassage/Content/Art/Environment/Materials/Decal_Symbo_4.uasset" 502
"../../../../../../Users/El fideo rubio/Documents/Unreal Projects/ThePassage/Content/Art/Environment/Materials/Textures/decals/Symbol_5.uasset" 503
"../../../../../../Users/El fideo rubio/Documents/Unreal Projects/ThePassage/Content/Art/Environment/Materials/Decal_Symbo_5.uasset" 504
"../../../../../../Users/El fideo rubio/Documents/Unreal Projects/ThePassage/Content/Art/Environment/Materials/Textures/decals/Symbol_6.uasset" 505
"../../../../../../Users/El fideo rubio/Documents/Unreal Projects/ThePassage/Content/Art/Environment/Materials/Decal_Symbo_6.uasset" 506
"../../../../../../Users/El fideo rubio/Documents/Unreal Projects/ThePassage/Content/Art/Environment/Placeholder/M_LakeWater.uasset" 507
"../../../../../../Users/El fideo rubio/Documents/Unreal Projects/ThePassage/Content/Art/Environment/Placeholder/M_LakeWater_Inst.uasset" 508
"../../../../../../Users/El fideo rubio/Documents/Unreal Projects/ThePassage/Content/Art/Characters/Enviroment/Folliage_1.uasset" 509
"../../../../../../Users/El fideo rubio/Documents/Unreal Projects/ThePassage/Content/Art/Characters/Enviroment/Folliage_2.uasset" 510
"../../../../../../Users/El fideo rubio/Documents/Unreal Projects/ThePassage/Content/Art/Characters/Enviroment/Folliage_3.uasset" 511
"../../../../../../Users/El fideo rubio/Documents/Unreal Projects/ThePassage/Content/Art/Characters/Enviroment/Folliage_4.uasset" 512
"../../../../../../Users/El fideo rubio/Documents/Unreal Projects/ThePassage/Content/Art/Characters/Enviroment/Folliage_7.uasset" 513
"../../../../../../Users/El fideo rubio/Documents/Unreal Projects/ThePassage/Content/Art/Characters/Enviroment/Folliage_9.uasset" 514
"../../../../../../Users/El fideo rubio/Documents/Unreal Projects/ThePassage/Content/Art/Characters/M_Fireflys.uasset" 515
"../../../../../../Users/El fideo rubio/Documents/Unreal Projects/ThePassage/Content/Art/Characters/P_Fireflys.uasset" 516
"../../../../../../Users/El fideo rubio/Documents/Unreal Projects/ThePassage/Content/Art/Environment/Meshes/Rib_cage.uasset" 517
"../../../../../../Users/El fideo rubio/Documents/Unreal Projects/ThePassage/Content/Art/Environment/Meshes/Rocks_Rocks_rock_1.uasset" 518
"../../../../../../Users/El fideo rubio/Documents/Unreal Projects/ThePassage/Content/Art/Environment/Meshes/Rocks_Rocks_rock_3.uasset" 519
"../../../../../../Users/El fideo rubio/Documents/Unreal Projects/ThePassage/Content/Maps/Level_1.umap" 520
"../../../../../../Users/El fideo rubio/Documents/Unreal Projects/ThePassage/Content/Maps/Sasha_Map_BuiltData.uasset" 521
"../../../../../../Users/El fideo rubio/Documents/Unreal Projects/ThePassage/Content/Art/Characters/RefCharacter/REF_Character.uasset" 522
"../../../../../../Users/El fideo rubio/Documents/Unreal Projects/ThePassage/Content/Art/Environment/Materials/Textures/barrel/ring_baseColor.uasset" 523
"../../../../../../Users/El fideo rubio/Documents/Unreal Projects/ThePassage/Content/Art/Environment/Materials/Textures/barrel/ring_metallic.uasset" 524
"../../../../../../Users/El fideo rubio/Documents/Unreal Projects/ThePassage/Content/Art/Environment/Materials/Textures/barrel/ring_normal.uasset" 525
"../../../../../../Users/El fideo rubio/Documents/Unreal Projects/ThePassage/Content/Art/Environment/Materials/Textures/barrel/ring_roughness.uasset" 526
"../../../../../../Users/El fideo rubio/Documents/Unreal Projects/ThePassage/Content/Art/Environment/Materials/barrel_ring.uasset" 527
"../../../../../../Users/El fideo rubio/Documents/Unreal Projects/ThePassage/Content/Art/Environment/Materials/Textures/barrel/Wood_barrel_baseColor.uasset" 528
"../../../../../../Users/El fideo rubio/Documents/Unreal Projects/ThePassage/Content/Art/Environment/Materials/Textures/barrel/Wood_barrel_normal.uasset" 529
"../../../../../../Users/El fideo rubio/Documents/Unreal Projects/ThePassage/Content/Art/Environment/Materials/Textures/barrel/Wood_barrel_roughness.uasset" 530
"../../../../../../Users/El fideo rubio/Documents/Unreal Projects/ThePassage/Content/Art/Environment/Materials/barrel_wood.uasset" 531
"../../../../../../Users/El fideo rubio/Documents/Unreal Projects/ThePassage/Content/Art/Environment/Meshes/barrel.uasset" 532
"../../../../../../Users/El fideo rubio/Documents/Unreal Projects/ThePassage/Content/Art/Environment/Materials/Textures/dock_2/Support1_baseColor.uasset" 533
"../../../../../../Users/El fideo rubio/Documents/Unreal Projects/ThePassage/Content/Art/Environment/Materials/Textures/dock_2/Support1_normal.uasset" 534
"../../../../../../Users/El fideo rubio/Documents/Unreal Projects/ThePassage/Content/Art/Environment/Materials/Textures/dock_2/Support1_roughness.uasset" 535
"../../../../../../Users/El fideo rubio/Documents/Unreal Projects/ThePassage/Content/Art/Environment/Materials/dock_2_support.uasset" 536
"../../../../../../Users/El fideo rubio/Documents/Unreal Projects/ThePassage/Content/Art/Environment/Meshes/Dock_2.uasset" 537
"../../../../../../Users/El fideo rubio/Documents/Unreal Projects/ThePassage/Content/Art/Environment/Materials/Textures/shack/Base_baseColor.uasset" 538
"../../../../../../Users/El fideo rubio/Documents/Unreal Projects/ThePassage/Content/Art/Environment/Materials/Textures/shack/Base_normal.uasset" 539
"../../../../../../Users/El fideo rubio/Documents/Unreal Projects/ThePassage/Content/Art/Environment/Materials/Textures/shack/Base_roughness.uasset" 540
"../../../../../../Users/El fideo rubio/Documents/Unreal Projects/ThePassage/Content/Art/Environment/Materials/shack_base.uasset" 541
"../../../../../../Users/El fideo rubio/Documents/Unreal Projects/ThePassage/Content/Art/Environment/Materials/Textures/shack/Door_baseColor.uasset" 542
"../../../../../../Users/El fideo rubio/Documents/Unreal Projects/ThePassage/Content/Art/Environment/Materials/Textures/shack/Door_normal.uasset" 543
"../../../../../../Users/El fideo rubio/Documents/Unreal Projects/ThePassage/Content/Art/Environment/Materials/Textures/shack/Door_roughness.uasset" 544
"../../../../../../Users/El fideo rubio/Documents/Unreal Projects/ThePassage/Content/Art/Environment/Materials/shack_door.uasset" 545
"../../../../../../Users/El fideo rubio/Documents/Unreal Projects/ThePassage/Content/Art/Environment/Materials/Textures/shack/Frame_baseColor.uasset" 546
"../../../../../../Users/El fideo rubio/Documents/Unreal Projects/ThePassage/Content/Art/Environment/Materials/Textures/shack/Frame_normal.uasset" 547
"../../../../../../Users/El fideo rubio/Documents/Unreal Projects/ThePassage/Content/Art/Environment/Materials/Textures/shack/Frame_roughness.uasset" 548
"../../../../../../Users/El fideo rubio/Documents/Unreal Projects/ThePassage/Content/Art/Environment/Materials/shack_frame.uasset" 549
"../../../../../../Users/El fideo rubio/Documents/Unreal Projects/ThePassage/Content/Art/Environment/Materials/Textures/shack/Roof_baseColor.uasset" 550
"../../../../../../Users/El fideo rubio/Documents/Unreal Projects/ThePassage/Content/Art/Environment/Materials/Textures/shack/Roof_normal.uasset" 551
"../../../../../../Users/El fideo rubio/Documents/Unreal Projects/ThePassage/Content/Art/Environment/Materials/Textures/shack/Roof_roughness.uasset" 552
"../../../../../../Users/El fideo rubio/Documents/Unreal Projects/ThePassage/Content/Art/Environment/Materials/shack_roof.uasset" 553
"../../../../../../Users/El fideo rubio/Documents/Unreal Projects/ThePassage/Content/Art/Environment/Materials/Textures/shack/Window_frame_baseColor.uasset" 554
"../../../../../../Users/El fideo rubio/Documents/Unreal Projects/ThePassage/Content/Art/Environment/Materials/Textures/shack/Window_frame_normal.uasset" 555
"../../../../../../Users/El fideo rubio/Documents/Unreal Projects/ThePassage/Content/Art/Environment/Materials/Textures/shack/Window_frame_roughness.uasset" 556
"../../../../../../Users/El fideo rubio/Documents/Unreal Projects/ThePassage/Content/Art/Environment/Materials/shack_w_frame.uasset" 557
"../../../../../../Users/El fideo rubio/Documents/Unreal Projects/ThePassage/Content/Art/Environment/Materials/Textures/shack/Window_baseColor.uasset" 558
"../../../../../../Users/El fideo rubio/Documents/Unreal Projects/ThePassage/Content/Art/Environment/Materials/shack_window.uasset" 559
"../../../../../../Users/El fideo rubio/Documents/Unreal Projects/ThePassage/Content/Art/Environment/Materials/Textures/shack/Wood_Stripes_baseColor.uasset" 560
"../../../../../../Users/El fideo rubio/Documents/Unreal Projects/ThePassage/Content/Art/Environment/Materials/Textures/shack/Wood_Stripes_normal.uasset" 561
"../../../../../../Users/El fideo rubio/Documents/Unreal Projects/ThePassage/Content/Art/Environment/Materials/Textures/shack/Wood_Stripes_roughness.uasset" 562
"../../../../../../Users/El fideo rubio/Documents/Unreal Projects/ThePassage/Content/Art/Environment/Materials/shack_ws.uasset" 563
"../../../../../../Users/El fideo rubio/Documents/Unreal Projects/ThePassage/Content/Art/Environment/Meshes/shack.uasset" 564
"../../../../../../Users/El fideo rubio/Documents/Unreal Projects/ThePassage/Content/Maps/Sasha_Map.umap" 565
"../../../../../../Users/El fideo rubio/Documents/Unreal Projects/ThePassage/Content/Art/Environment/DeleteWhenAddingAnything1.uasset" 566
"../../../../../../Users/El fideo rubio/Documents/Unreal Projects/ThePassage/Content/Art/Environment/Placeholder/Shape_Cube.uasset" 567
"../../../../../../Users/El fideo rubio/Documents/Unreal Projects/ThePassage/Content/Core/Characters/Iceland/BP_Iceland.uasset" 568
"../../../../../../Users/El fideo rubio/Documents/Unreal Projects/ThePassage/Content/Maps/Shayan_BuiltData.uasset" 569
"../../../../../../Users/El fideo rubio/Documents/Unreal Projects/ThePassage/Content/Maps/Shayan.umap" 570
"../../../../../../Users/El fideo rubio/Documents/Unreal Projects/ThePassage/Content/Maps/Shayan_Map.umap" 571
"../../../../../../Users/El fideo rubio/Documents/Unreal Projects/ThePassage/Content/Maps/YThen_Map_BuiltData.uasset" 572
"../../../../../../Users/El fideo rubio/Documents/Unreal Projects/ThePassage/Content/Art/Characters/Spirits/Sitting_PhysicsAsset.uasset" 573
"../../../../../../Users/El fideo rubio/Documents/Unreal Projects/ThePassage/Content/Art/Characters/Spirits/Sitting.uasset" 574
"../../../../../../Users/El fideo rubio/Documents/Unreal Projects/ThePassage/Content/Art/Characters/WATERPLANE_pPlane2.uasset" 575
"../../../../../../Users/El fideo rubio/Documents/Unreal Projects/ThePassage/Content/Maps/YThen_Map.umap" 576
"../../../Engine/Content/Maps/Entry_BuiltData.uasset" 577
"../../../Engine/Content/Maps/Entry.umap" 578
